[Licensing::Module] Trying to connect to existing licensing client channel...
Built from '6000.3/staging' branch; Version is '6000.3.11f1 (3000ef702840) revision 3145967'; Using compiler version '194234433'; Build Type 'Release'
OS: 'Windows 11  (10.0.26200) Core' Language: 'ru' Physical Memory: 16220 MB
BatchMode: 1, IsHumanControllingUs: 0, StartBugReporterOnCrash: 0, Is64bit: 1
[Licensing::IpcConnector] Successfully connected to: "LicenseClient-alext" at "2026-03-21T17:47:29.4918587Z"
System  architecture: x64
Process architecture: x64
Date: 2026-03-21T17:47:29Z

COMMAND LINE ARGUMENTS:
C:\Program Files\Unity\Hub\Editor\6000.3.11f1\Editor\Unity.exe
-adb2
-batchMode
-noUpm
-name
AssetImportWorker2
-projectPath
C:/Users/alext/Infinity Adventure
-logFile
Logs/AssetImportWorker2.log
-srvPort
55113
-job-worker-count
5
-background-job-worker-count
8
-gc-helper-count
1
-name
AssetImport
Successfully changed project path to: C:/Users/alext/Infinity Adventure
C:/Users/alext/Infinity Adventure
[UnityMemory] Configuration Parameters - Can be set up in boot.config
    "memorysetup-temp-allocator-size-nav-mesh-worker=65536"
    "memorysetup-temp-allocator-size-audio-worker=65536"
    "memorysetup-temp-allocator-size-gfx=262144"
    "memorysetup-allocator-temp-initial-block-size-main=262144"
    "memorysetup-allocator-temp-initial-block-size-worker=262144"
    "memorysetup-temp-allocator-size-background-worker=32768"
    "memorysetup-temp-allocator-size-job-worker=262144"
    "memorysetup-temp-allocator-size-preload-manager=33554432"
    "memorysetup-temp-allocator-size-gi-baking-worker=262144"
    "memorysetup-temp-allocator-size-gi-baking-worker=262144"
    "memorysetup-temp-allocator-size-gi-baking-worker=262144"
    "memorysetup-temp-allocator-size-gi-baking-worker=262144"
    "memorysetup-temp-allocator-size-gi-baking-worker=262144"
    "memorysetup-bucket-allocator-granularity=16"
    "memorysetup-bucket-allocator-bucket-count=8"
    "memorysetup-bucket-allocator-block-size=33554432"
    "memorysetup-bucket-allocator-block-count=8"
    "memorysetup-main-allocator-block-size=16777216"
    "memorysetup-thread-allocator-block-size=16777216"
    "memorysetup-gfx-main-allocator-block-size=16777216"
    "memorysetup-gfx-thread-allocator-block-size=16777216"
    "memorysetup-cache-allocator-block-size=4194304"
    "memorysetup-typetree-allocator-block-size=2097152"
    "memorysetup-profiler-bucket-allocator-granularity=16"
    "memorysetup-profiler-bucket-allocator-bucket-count=8"
    "memorysetup-profiler-bucket-allocator-block-size=33554432"
    "memorysetup-profiler-bucket-allocator-block-count=8"
    "memorysetup-profiler-allocator-block-size=16777216"
    "memorysetup-profiler-editor-allocator-block-size=1048576"
    "memorysetup-temp-allocator-size-main=16777216"
    "memorysetup-job-temp-allocator-block-size=2097152"
    "memorysetup-job-temp-allocator-block-size-background=1048576"
    "memorysetup-job-temp-allocator-reduction-small-platforms=262144"
    "memorysetup-temp-allocator-size-cloud-worker=32768"
Player connection [20172]  Target information:

Player connection [20172]  * "[IP] 192.168.31.152 [Port] 0 [Flags] 2 [Guid] 1824991321 [EditorId] 1824991321 [Version] 1048832 [Id] WindowsEditor(7,Kaban) [Debug] 1 [PackageName] WindowsEditor [ProjectName] Editor" 

Player connection [20172]  * "[IP] 26.234.173.26 [Port] 0 [Flags] 2 [Guid] 1824991321 [EditorId] 1824991321 [Version] 1048832 [Id] WindowsEditor(7,Kaban) [Debug] 1 [PackageName] WindowsEditor [ProjectName] Editor" 

Player connection [20172] Host joined multi-casting on [225.0.0.222:54997]...
Player connection [20172] Host joined alternative multi-casting on [225.0.0.222:34997]...
JobSystem: Creating JobQueue using job-worker-count value 5
Input System module state changed to: Initialized.
[Physics::Module] Initialized fallback backend.
[Physics::Module] Id: 0xdecafbad
Library Redirect Path: Library/
[Physics::Module] Selected backend.
[Physics::Module] Name: PhysX
[Physics::Module] Id: 0xf2b8ea05
[Physics::Module] SDK Version: 4.1.2
[Physics::Module] Integration Version: 1.0.0
[Physics::Module] Threading Mode: Multi-Threaded
Refreshing native plugins compatible for Editor in 3.52 ms, found 4 plugins.
Preloading 0 native plugins for Editor in 0.00 ms.
Initialize engine version: 6000.3.11f1 (3000ef702840)
[Subsystems] Discovering subsystems at path C:/Program Files/Unity/Hub/Editor/6000.3.11f1/Editor/Data/Resources/UnitySubsystems
[Subsystems] Discovering subsystems at path C:/Users/alext/Infinity Adventure/Assets
GfxDevice: creating device client; kGfxThreadingModeNonThreaded
Direct3D:
    Version:  Direct3D 11.0 [level 11.1]
    Renderer: NVIDIA GeForce RTX 2060 SUPER (ID=0x1f06)
    Vendor:   NVIDIA
    VRAM:     8006 MB
    Driver:   32.0.15.9144
Initialize mono
Mono path[0] = 'C:/Program Files/Unity/Hub/Editor/6000.3.11f1/Editor/Data/Managed'
Mono path[1] = 'C:/Program Files/Unity/Hub/Editor/6000.3.11f1/Editor/Data/MonoBleedingEdge/lib/mono/unityjit-win32'
Mono config path = 'C:/Program Files/Unity/Hub/Editor/6000.3.11f1/Editor/Data/MonoBleedingEdge/etc'
Using monoOptions --debugger-agent=transport=dt_socket,embedding=1,server=y,suspend=n,address=127.0.0.1:56428
Begin MonoManager ReloadAssembly
Registering precompiled unity dll's ...
Register platform support module: C:/Program Files/Unity/Hub/Editor/6000.3.11f1/Editor/Data/PlaybackEngines/WindowsStandaloneSupport/UnityEditor.WindowsStandalone.Extensions.dll
Registered in 0.001331 seconds.
- Loaded All Assemblies, in  0.503 seconds
[Licensing::Client] Error: HandshakeResponse reported an error:
	ResponseCode: 505
	ResponseStatus: Unsupported protocol version '1.18.0'.
[Licensing::Module] Error: Failed to handshake to channel: "LicenseClient-alext"
[Licensing::IpcConnector] LicenseClient-alext channel disconnected successfully.
[Licensing::IpcConnector] Successfully connected to: "LicenseClient-alext-6000.3.11" at "2026-03-21T17:47:30.6449138Z"
Native extension for WindowsStandalone target not found
[Licensing::Client] Handshaking with LicensingClient:
  Version:                 1.18.0+23225a6
  Session Id:              ea94f8e53de64d79add85db25026839b
  Correlation Id:          a51a480ba9d42b652c67de75cad0933c
  External correlation Id: 3851392034113896248
  Machine Id:              PB05J8ktYJAjQ7F81dVTrLxLLNs=
[Licensing::Module] Successfully connected to LicensingClient on channel: "LicenseClient-alext-6000.3.11" (connect: 0.00s, validation: 0.00s, handshake: 0.14s)
[Licensing::IpcConnector] Successfully connected to: "LicenseClient-alext-6000.3.11-notifications" at "2026-03-21T17:47:30.7834933Z"
[Licensing::Module] Licensing Background thread has ended after 1.29s
Package Manager log level set to [2]
[Package Manager] Failed to launch server process. Reason: Unity was launched with the -noUpm command-line argument
[Package Manager] Unable to send message (not connected to server process).
[Package Manager] Cannot connect to Unity Package Manager local server
ScheduleIndexationOnStartup MainProcess:False IndexOnStartup:True
Mono: successfully reloaded assembly
- Finished resetting the current domain, in  0.487 seconds
Domain Reload Profiling: 988ms
	BeginReloadAssembly (155ms)
		ExecutionOrderSort (0ms)
		DisableScriptedObjects (0ms)
		BackupInstance (0ms)
		ReleaseScriptingObjects (0ms)
		CreateAndSetChildDomain (1ms)
	RebuildCommonClasses (46ms)
	RebuildNativeTypeToScriptingClass (18ms)
	initialDomainReloadingComplete (57ms)
	LoadAllAssembliesAndSetupDomain (224ms)
		LoadAssemblies (152ms)
		RebuildTransferFunctionScriptingTraits (0ms)
		AnalyzeDomain (221ms)
			TypeCache.Refresh (218ms)
				TypeCache.ScanAssembly (200ms)
			BuildScriptInfoCaches (0ms)
			ResolveRequiredComponents (1ms)
	FinalizeReload (487ms)
		ReleaseScriptCaches (0ms)
		RebuildScriptCaches (0ms)
		SetupLoadedEditorAssemblies (411ms)
			LogAssemblyErrors (0ms)
			InitializePlatformSupportModulesInManaged (70ms)
			SetLoadedEditorAssemblies (7ms)
			BeforeProcessingInitializeOnLoad (99ms)
			ProcessInitializeOnLoadAttributes (155ms)
			ProcessInitializeOnLoadMethodAttributes (80ms)
			AfterProcessingInitializeOnLoad (0ms)
			EditorAssembliesLoaded (0ms)
		ExecutionOrderSort2 (0ms)
		AwakeInstancesAfterBackupRestoration (0ms)
========================================================================
Worker process is ready to serve import requests
Import Worker Mode flag is 0x00
Begin MonoManager ReloadAssembly
[Licensing::Client] Successfully resolved entitlement details
[Licensing::Module] License group:
  Id: 10171535856082-UnityPersXXXX
  Product: Unity Personal
  Type: Assigned
  Expiration: Unlimited
- Loaded All Assemblies, in  0.972 seconds
Refreshing native plugins compatible for Editor in 3.89 ms, found 4 plugins.
Native extension for WindowsStandalone target not found
[Package Manager] Failed to launch server process. Reason: Unity was launched with the -noUpm command-line argument
[Package Manager] Unable to send message (not connected to server process).
[Package Manager] Cannot connect to Unity Package Manager local server
[Package Manager] Failed to launch server process. Reason: Unity was launched with the -noUpm command-line argument
[Package Manager] Unable to send message (not connected to server process).
[Package Manager] Cannot connect to Unity Package Manager local server
ScheduleIndexationOnStartup MainProcess:False IndexOnStartup:True
Mono: successfully reloaded assembly
- Finished resetting the current domain, in  0.977 seconds
Domain Reload Profiling: 1945ms
	BeginReloadAssembly (211ms)
		ExecutionOrderSort (0ms)
		DisableScriptedObjects (9ms)
		BackupInstance (0ms)
		ReleaseScriptingObjects (0ms)
		CreateAndSetChildDomain (33ms)
	RebuildCommonClasses (41ms)
	RebuildNativeTypeToScriptingClass (14ms)
	initialDomainReloadingComplete (41ms)
	LoadAllAssembliesAndSetupDomain (661ms)
		LoadAssemblies (460ms)
		RebuildTransferFunctionScriptingTraits (0ms)
		AnalyzeDomain (303ms)
			TypeCache.Refresh (207ms)
				TypeCache.ScanAssembly (189ms)
			BuildScriptInfoCaches (80ms)
			ResolveRequiredComponents (11ms)
	FinalizeReload (977ms)
		ReleaseScriptCaches (0ms)
		RebuildScriptCaches (0ms)
		SetupLoadedEditorAssemblies (799ms)
			LogAssemblyErrors (0ms)
			InitializePlatformSupportModulesInManaged (2ms)
			SetLoadedEditorAssemblies (4ms)
			BeforeProcessingInitializeOnLoad (176ms)
			ProcessInitializeOnLoadAttributes (454ms)
			ProcessInitializeOnLoadMethodAttributes (159ms)
			AfterProcessingInitializeOnLoad (4ms)
			EditorAssembliesLoaded (0ms)
		ExecutionOrderSort2 (0ms)
		AwakeInstancesAfterBackupRestoration (8ms)
Launched and connected shader compiler UnityShaderCompiler.exe after 0.03 seconds
Refreshing native plugins compatible for Editor in 1.62 ms, found 4 plugins.
Preloading 0 native plugins for Editor in 0.00 ms.
Unloading 16 Unused Serialized files (Serialized files now loaded: 0)
Unloading 6914 unused Assets / (4.4 MB). Loaded Objects now: 7732.
Memory consumption went from 154.2 MB to 149.8 MB.
Total: 14.057000 ms (FindLiveObjects: 2.133900 ms CreateObjectMapping: 1.346600 ms MarkObjects: 7.239900 ms  DeleteObjects: 3.335000 ms)

========================================================================
Received Import Request.
  Time since last request: 646454.440207 seconds.
  path: Assets/DefaultVolumeProfile.asset
  artifactKey: Guid(3f9215ea0144899419cfbc0957140d3f) Importer(815301076,1909f56bfc062723c751e8b465ee728b)
Start importing Assets/DefaultVolumeProfile.asset using Guid(3f9215ea0144899419cfbc0957140d3f) Importer(815301076,1909f56bfc062723c751e8b465ee728b) (PreviewImporter) -> (artifact id: '1e3ee85287093c2e01e2184a29fd3edf') in 0.0502454 seconds
Number of updated asset objects reloaded before import = 2Number of asset objects unloaded after import = 0

========================================================================
Received Import Request.
  Time since last request: 3.902928 seconds.
  path: Assets/DefaultVolumeProfile.asset
  artifactKey: Guid(3f9215ea0144899419cfbc0957140d3f) Importer(2089858483,b0f066a214c2f5e87bad3c948f4d605d)
Start importing Assets/DefaultVolumeProfile.asset using Guid(3f9215ea0144899419cfbc0957140d3f) Importer(2089858483,b0f066a214c2f5e87bad3c948f4d605d) (ScriptedImporter) -> (artifact id: '5b678428c72357c5d4fb08d37933a2d1') in 0.0952681 seconds
Number of updated asset objects reloaded before import = 0Number of asset objects unloaded after import = 0

========================================================================
Received Import Request.
  Time since last request: 0.000016 seconds.
  path: Assets/Settings/Lit2DSceneTemplate.scenetemplate
  artifactKey: Guid(d03ed43fc9d8a4f2e9fa70c1c7916eb9) Importer(2089858483,b0f066a214c2f5e87bad3c948f4d605d)
Start importing Assets/Settings/Lit2DSceneTemplate.scenetemplate using Guid(d03ed43fc9d8a4f2e9fa70c1c7916eb9) Importer(2089858483,b0f066a214c2f5e87bad3c948f4d605d) (ScriptedImporter) -> (artifact id: '8ef795e006bc57d860601f6981968b93') in 0.0785675 seconds
Number of updated asset objects reloaded before import = 0Number of asset objects unloaded after import = 3

========================================================================
Received Import Request.
  Time since last request: 0.000019 seconds.
  path: Assets/Settings/Scenes/URP2DSceneTemplate.unity
  artifactKey: Guid(2cda990e2423bbf4892e6590ba056729) Importer(2089858483,b0f066a214c2f5e87bad3c948f4d605d)
Start importing Assets/Settings/Scenes/URP2DSceneTemplate.unity using Guid(2cda990e2423bbf4892e6590ba056729) Importer(2089858483,b0f066a214c2f5e87bad3c948f4d605d) (ScriptedImporter) -> (artifact id: 'fa55f2d908ca3d5c3bc9cccb77528d5b') in 0.0034584 seconds
Number of updated asset objects reloaded before import = 0Number of asset objects unloaded after import = 1

========================================================================
Received Import Request.
  Time since last request: 0.000022 seconds.
  path: Assets/Settings/UniversalRP.asset
  artifactKey: Guid(681886c5eb7344803b6206f758bf0b1c) Importer(2089858483,b0f066a214c2f5e87bad3c948f4d605d)
Start importing Assets/Settings/UniversalRP.asset using Guid(681886c5eb7344803b6206f758bf0b1c) Importer(2089858483,b0f066a214c2f5e87bad3c948f4d605d) (ScriptedImporter) -> (artifact id: '4620c5cf11691a26ab4d3d43932a1c03') in 0.0417662 seconds
Number of updated asset objects reloaded before import = 0Number of asset objects unloaded after import = 1

========================================================================
Received Import Request.
  Time since last request: 174.132912 seconds.
  path: Assets
  artifactKey: Guid(00000000000000001000000000000000) Importer(815301076,1909f56bfc062723c751e8b465ee728b)
Start importing Assets using Guid(00000000000000001000000000000000) Importer(815301076,1909f56bfc062723c751e8b465ee728b) (PreviewImporter) -> (artifact id: 'c391582d739b6e62a5220f35cbb167ac') in 0.0008954 seconds
Number of updated asset objects reloaded before import = 0Number of asset objects unloaded after import = 0

========================================================================
Received Import Request.
  Time since last request: 10.194268 seconds.
  path: Assets/Tilemap
  artifactKey: Guid(f75fad33790cbba438e1daf8547339a2) Importer(815301076,1909f56bfc062723c751e8b465ee728b)
Start importing Assets/Tilemap using Guid(f75fad33790cbba438e1daf8547339a2) Importer(815301076,1909f56bfc062723c751e8b465ee728b) (PreviewImporter) -> (artifact id: '449aab9eb105d60053bd1f77637592bf') in 0.0022923 seconds
Number of updated asset objects reloaded before import = 0Number of asset objects unloaded after import = 0

========================================================================
Received Import Request.
  Time since last request: 0.944451 seconds.
  path: Assets/Tilemap
  artifactKey: Guid(f75fad33790cbba438e1daf8547339a2) Importer(2089858483,b0f066a214c2f5e87bad3c948f4d605d)
Start importing Assets/Tilemap using Guid(f75fad33790cbba438e1daf8547339a2) Importer(2089858483,b0f066a214c2f5e87bad3c948f4d605d) (ScriptedImporter) -> (artifact id: 'f98bcd9a16b75eee76b7f5389c29a5a7') in 0.0028826 seconds
Number of updated asset objects reloaded before import = 0Number of asset objects unloaded after import = 1

========================================================================
Received Import Request.
  Time since last request: 8.316848 seconds.
  path: Assets/Tilemap/Tiles
  artifactKey: Guid(1f8eee0250b9d6c4b8362c583641056f) Importer(815301076,1909f56bfc062723c751e8b465ee728b)
Start importing Assets/Tilemap/Tiles using Guid(1f8eee0250b9d6c4b8362c583641056f) Importer(815301076,1909f56bfc062723c751e8b465ee728b) (PreviewImporter) -> (artifact id: '0d87cbebec8ae479697db126e7506933') in 0.0023567 seconds
Number of updated asset objects reloaded before import = 0Number of asset objects unloaded after import = 0

========================================================================
Received Import Request.
  Time since last request: 0.937272 seconds.
  path: Assets/Tilemap/Tiles
  artifactKey: Guid(1f8eee0250b9d6c4b8362c583641056f) Importer(2089858483,b0f066a214c2f5e87bad3c948f4d605d)
Start importing Assets/Tilemap/Tiles using Guid(1f8eee0250b9d6c4b8362c583641056f) Importer(2089858483,b0f066a214c2f5e87bad3c948f4d605d) (ScriptedImporter) -> (artifact id: '759837d4b8fb3c22a340248f709955b5') in 0.0033207 seconds
Number of updated asset objects reloaded before import = 0Number of asset objects unloaded after import = 1

========================================================================
Received Import Request.
  Time since last request: 0.404358 seconds.
  path: Assets/Tilemap/Tiles 1
  artifactKey: Guid(cf2355920348dce43b40f70ca8dfb3b1) Importer(815301076,1909f56bfc062723c751e8b465ee728b)
Start importing Assets/Tilemap/Tiles 1 using Guid(cf2355920348dce43b40f70ca8dfb3b1) Importer(815301076,1909f56bfc062723c751e8b465ee728b) (PreviewImporter) -> (artifact id: '67800839d560c77e4777bb8a0602f061') in 0.0004327 seconds
Number of updated asset objects reloaded before import = 0Number of asset objects unloaded after import = 0

========================================================================
Received Import Request.
  Time since last request: 0.947081 seconds.
  path: Assets/Tilemap/Tiles 1
  artifactKey: Guid(cf2355920348dce43b40f70ca8dfb3b1) Importer(2089858483,b0f066a214c2f5e87bad3c948f4d605d)
Start importing Assets/Tilemap/Tiles 1 using Guid(cf2355920348dce43b40f70ca8dfb3b1) Importer(2089858483,b0f066a214c2f5e87bad3c948f4d605d) (ScriptedImporter) -> (artifact id: '3ac3283ee2dba8663422b5fff9ba6bf4') in 0.0023613 seconds
Number of updated asset objects reloaded before import = 0Number of asset objects unloaded after import = 1

========================================================================
Received Import Request.
  Time since last request: 8.235389 seconds.
  path: Assets/Tilemap/Rule
  artifactKey: Guid(cf2355920348dce43b40f70ca8dfb3b1) Importer(815301076,1909f56bfc062723c751e8b465ee728b)
Start importing Assets/Tilemap/Rule using Guid(cf2355920348dce43b40f70ca8dfb3b1) Importer(815301076,1909f56bfc062723c751e8b465ee728b) (PreviewImporter) -> (artifact id: 'a183abff9846ee4851e588c4b9158893') in 0.0009807 seconds
Number of updated asset objects reloaded before import = 0Number of asset objects unloaded after import = 0

========================================================================
Received Import Request.
  Time since last request: 0.972216 seconds.
  path: Assets/Tilemap/Rule
  artifactKey: Guid(cf2355920348dce43b40f70ca8dfb3b1) Importer(2089858483,b0f066a214c2f5e87bad3c948f4d605d)
Start importing Assets/Tilemap/Rule using Guid(cf2355920348dce43b40f70ca8dfb3b1) Importer(2089858483,b0f066a214c2f5e87bad3c948f4d605d) (ScriptedImporter) -> (artifact id: '51842231fb3b1db0e79d063bdc290486') in 0.0027038 seconds
Number of updated asset objects reloaded before import = 0Number of asset objects unloaded after import = 1

========================================================================
Received Import Request.
  Time since last request: 11.937580 seconds.
  path: Assets/Tilemap/RuleTiles
  artifactKey: Guid(cf2355920348dce43b40f70ca8dfb3b1) Importer(815301076,1909f56bfc062723c751e8b465ee728b)
Start importing Assets/Tilemap/RuleTiles using Guid(cf2355920348dce43b40f70ca8dfb3b1) Importer(815301076,1909f56bfc062723c751e8b465ee728b) (PreviewImporter) -> (artifact id: 'ea9712e691558e3944d0ba252c24e65f') in 0.0012495 seconds
Number of updated asset objects reloaded before import = 0Number of asset objects unloaded after import = 0

========================================================================
Received Import Request.
  Time since last request: 0.951265 seconds.
  path: Assets/Tilemap/RuleTiles
  artifactKey: Guid(cf2355920348dce43b40f70ca8dfb3b1) Importer(2089858483,b0f066a214c2f5e87bad3c948f4d605d)
Start importing Assets/Tilemap/RuleTiles using Guid(cf2355920348dce43b40f70ca8dfb3b1) Importer(2089858483,b0f066a214c2f5e87bad3c948f4d605d) (ScriptedImporter) -> (artifact id: '9d11af1f756ff815c9c25289f976b279') in 0.0027004 seconds
Number of updated asset objects reloaded before import = 0Number of asset objects unloaded after import = 1

========================================================================
Received Import Request.
  Time since last request: 26.778303 seconds.
  path: Assets/Tilemap/Tiles/tiles.png
  artifactKey: Guid(d2b2d98f2dfea394ca71d250e6639505) Importer(815301076,1909f56bfc062723c751e8b465ee728b)
Start importing Assets/Tilemap/Tiles/tiles.png using Guid(d2b2d98f2dfea394ca71d250e6639505) Importer(815301076,1909f56bfc062723c751e8b465ee728b) (PreviewImporter) -> (artifact id: 'a2bce6e8081f372ddadeb3782b38af5a') in 0.0844579 seconds
Number of updated asset objects reloaded before import = 0Number of asset objects unloaded after import = 12

========================================================================
Received Import Request.
  Time since last request: 0.908836 seconds.
  path: Assets/Tilemap/Tiles/tiles.png
  artifactKey: Guid(d2b2d98f2dfea394ca71d250e6639505) Importer(2089858483,b0f066a214c2f5e87bad3c948f4d605d)
Start importing Assets/Tilemap/Tiles/tiles.png using Guid(d2b2d98f2dfea394ca71d250e6639505) Importer(2089858483,b0f066a214c2f5e87bad3c948f4d605d) (ScriptedImporter) -> (artifact id: 'be3a26803df862c4387866387a62a255') in 0.0455353 seconds
Number of updated asset objects reloaded before import = 0Number of asset objects unloaded after import = 12

========================================================================
Received Import Request.
  Time since last request: 33.513718 seconds.
  path: Assets/Tilemap/Tiles/tiles.png
  artifactKey: Guid(d2b2d98f2dfea394ca71d250e6639505) Importer(815301076,1909f56bfc062723c751e8b465ee728b)
Start importing Assets/Tilemap/Tiles/tiles.png using Guid(d2b2d98f2dfea394ca71d250e6639505) Importer(815301076,1909f56bfc062723c751e8b465ee728b) (PreviewImporter) -> (artifact id: '87034892f18f3eab1e379d791bba699b') in 0.0229935 seconds
Number of updated asset objects reloaded before import = 0Number of asset objects unloaded after import = 12

========================================================================
Received Import Request.
  Time since last request: 0.938475 seconds.
  path: Assets/Tilemap/Tiles/tiles.png
  artifactKey: Guid(d2b2d98f2dfea394ca71d250e6639505) Importer(2089858483,b0f066a214c2f5e87bad3c948f4d605d)
Start importing Assets/Tilemap/Tiles/tiles.png using Guid(d2b2d98f2dfea394ca71d250e6639505) Importer(2089858483,b0f066a214c2f5e87bad3c948f4d605d) (ScriptedImporter) -> (artifact id: '90924734d876cf782297606c58d7a149') in 0.0092569 seconds
Number of updated asset objects reloaded before import = 0Number of asset objects unloaded after import = 12

========================================================================
Received Import Request.
  Time since last request: 49.939612 seconds.
  path: Assets/Tilemap/Tiles/PixelPreset.preset
  artifactKey: Guid(1ae4072239bb8264e81b090fd8cc8a2c) Importer(815301076,1909f56bfc062723c751e8b465ee728b)
Start importing Assets/Tilemap/Tiles/PixelPreset.preset using Guid(1ae4072239bb8264e81b090fd8cc8a2c) Importer(815301076,1909f56bfc062723c751e8b465ee728b) (PreviewImporter) -> (artifact id: '8bbe5684c43bf8bd4f365d9152e88001') in 0.0088314 seconds
Number of updated asset objects reloaded before import = 0Number of asset objects unloaded after import = 1

========================================================================
Received Import Request.
  Time since last request: 0.949017 seconds.
  path: Assets/Tilemap/Tiles/PixelPreset.preset
  artifactKey: Guid(1ae4072239bb8264e81b090fd8cc8a2c) Importer(2089858483,b0f066a214c2f5e87bad3c948f4d605d)
Start importing Assets/Tilemap/Tiles/PixelPreset.preset using Guid(1ae4072239bb8264e81b090fd8cc8a2c) Importer(2089858483,b0f066a214c2f5e87bad3c948f4d605d) (ScriptedImporter) -> (artifact id: '46950b1f38bc63be6a16956512b975f0') in 0.0097791 seconds
Number of updated asset objects reloaded before import = 0Number of asset objects unloaded after import = 1

========================================================================
Received Import Request.
  Time since last request: 66.005778 seconds.
  path: Assets/Tilemap/Tiles/tiles.png
  artifactKey: Guid(d2b2d98f2dfea394ca71d250e6639505) Importer(815301076,1909f56bfc062723c751e8b465ee728b)
Start importing Assets/Tilemap/Tiles/tiles.png using Guid(d2b2d98f2dfea394ca71d250e6639505) Importer(815301076,1909f56bfc062723c751e8b465ee728b) (PreviewImporter) -> (artifact id: '136a34263847082c954bb0e3930cc347') in 0.0743174 seconds
Number of updated asset objects reloaded before import = 0Number of asset objects unloaded after import = 35

========================================================================
Received Import Request.
  Time since last request: 0.847153 seconds.
  path: Assets/Tilemap/Tiles/tiles.png
  artifactKey: Guid(d2b2d98f2dfea394ca71d250e6639505) Importer(2089858483,b0f066a214c2f5e87bad3c948f4d605d)
Start importing Assets/Tilemap/Tiles/tiles.png using Guid(d2b2d98f2dfea394ca71d250e6639505) Importer(2089858483,b0f066a214c2f5e87bad3c948f4d605d) (ScriptedImporter) -> (artifact id: 'c4c66eaf8046b5e43d20587e3a1d47ab') in 0.0233154 seconds
Number of updated asset objects reloaded before import = 0Number of asset objects unloaded after import = 35

========================================================================
Received Import Request.
  Time since last request: 72.079967 seconds.
  path: Assets/Tilemap/RuleTiles/Stone.asset
  artifactKey: Guid(56a3aacc4a6e48348a4ace0d1b1d8d85) Importer(815301076,1909f56bfc062723c751e8b465ee728b)
Start importing Assets/Tilemap/RuleTiles/Stone.asset using Guid(56a3aacc4a6e48348a4ace0d1b1d8d85) Importer(815301076,1909f56bfc062723c751e8b465ee728b) (PreviewImporter) -> (artifact id: '07abe0046c3e14bd5eb85d12a6d41227') in 0.0083238 seconds
Number of updated asset objects reloaded before import = 0Number of asset objects unloaded after import = 1

========================================================================
Received Import Request.
  Time since last request: 0.948478 seconds.
  path: Assets/Tilemap/RuleTiles/Stone.asset
  artifactKey: Guid(56a3aacc4a6e48348a4ace0d1b1d8d85) Importer(2089858483,b0f066a214c2f5e87bad3c948f4d605d)
Start importing Assets/Tilemap/RuleTiles/Stone.asset using Guid(56a3aacc4a6e48348a4ace0d1b1d8d85) Importer(2089858483,b0f066a214c2f5e87bad3c948f4d605d) (ScriptedImporter) -> (artifact id: '53478a60a1242eaee74505f772b04a1f') in 0.0096802 seconds
Number of updated asset objects reloaded before import = 0Number of asset objects unloaded after import = 1

========================================================================
Received Import Request.
  Time since last request: 160.125720 seconds.
  path: Assets/Tilemap/Tiles/TilePalette.prefab
  artifactKey: Guid(1e09f910cebd70a458a98f4a7559df85) Importer(815301076,1909f56bfc062723c751e8b465ee728b)
Start importing Assets/Tilemap/Tiles/TilePalette.prefab using Guid(1e09f910cebd70a458a98f4a7559df85) Importer(815301076,1909f56bfc062723c751e8b465ee728b) (PreviewImporter) -> (artifact id: 'd95a1f78dff6288823f78e87f9ccf733') in 0.3482526 seconds
Number of updated asset objects reloaded before import = 0Number of asset objects unloaded after import = 10

========================================================================
Received Import Request.
  Time since last request: 0.542358 seconds.
  path: Assets/Tilemap/Tiles/TilePalette.prefab
  artifactKey: Guid(1e09f910cebd70a458a98f4a7559df85) Importer(2089858483,b0f066a214c2f5e87bad3c948f4d605d)
Start importing Assets/Tilemap/Tiles/TilePalette.prefab using Guid(1e09f910cebd70a458a98f4a7559df85) Importer(2089858483,b0f066a214c2f5e87bad3c948f4d605d) (ScriptedImporter) -> (artifact id: '7a9d2d7e717e7de37107796a4c4d34c5') in 0.0124845 seconds
Number of updated asset objects reloaded before import = 0Number of asset objects unloaded after import = 10

========================================================================
Received Import Request.
  Time since last request: 6.223192 seconds.
  path: Assets/Tilemap/Tiles/TilePalette.prefab
  artifactKey: Guid(1e09f910cebd70a458a98f4a7559df85) Importer(815301076,1909f56bfc062723c751e8b465ee728b)
Start importing Assets/Tilemap/Tiles/TilePalette.prefab using Guid(1e09f910cebd70a458a98f4a7559df85) Importer(815301076,1909f56bfc062723c751e8b465ee728b) (PreviewImporter) -> (artifact id: '98f404d6211733a0494929d7c75f0837') in 0.0689791 seconds
Number of updated asset objects reloaded before import = 0Number of asset objects unloaded after import = 77

========================================================================
Received Import Request.
  Time since last request: 0.000024 seconds.
  path: Assets/Tilemap/Tiles/tiles_9.asset
  artifactKey: Guid(dc6fb5ad3cf01d74882bd0d26e411468) Importer(815301076,1909f56bfc062723c751e8b465ee728b)
Start importing Assets/Tilemap/Tiles/tiles_9.asset using Guid(dc6fb5ad3cf01d74882bd0d26e411468) Importer(815301076,1909f56bfc062723c751e8b465ee728b) (PreviewImporter) -> (artifact id: '43aba75b4af4b5de66305fc8af18425c') in 0.0252112 seconds
Number of updated asset objects reloaded before import = 0Number of asset objects unloaded after import = 3

========================================================================
Received Import Request.
  Time since last request: 0.000025 seconds.
  path: Assets/Tilemap/Tiles/tiles_1.asset
  artifactKey: Guid(143b7a45971e1db48a6978154744878c) Importer(815301076,1909f56bfc062723c751e8b465ee728b)
Start importing Assets/Tilemap/Tiles/tiles_1.asset using Guid(143b7a45971e1db48a6978154744878c) Importer(815301076,1909f56bfc062723c751e8b465ee728b) (PreviewImporter) -> (artifact id: '831f24feda4175f304313755f4ce1ab5') in 0.0048071 seconds
Number of updated asset objects reloaded before import = 0Number of asset objects unloaded after import = 3

========================================================================
Received Import Request.
  Time since last request: 0.000023 seconds.
  path: Assets/Tilemap/Tiles/tiles_31.asset
  artifactKey: Guid(a76ab287ba200e046a97caaa2498dd5b) Importer(815301076,1909f56bfc062723c751e8b465ee728b)
Start importing Assets/Tilemap/Tiles/tiles_31.asset using Guid(a76ab287ba200e046a97caaa2498dd5b) Importer(815301076,1909f56bfc062723c751e8b465ee728b) (PreviewImporter) -> (artifact id: '5ff5ba39fcc38afa7cf573d0a712ac2d') in 0.0044279 seconds
Number of updated asset objects reloaded before import = 0Number of asset objects unloaded after import = 3

========================================================================
Received Import Request.
  Time since last request: 0.000036 seconds.
  path: Assets/Tilemap/Tiles/tiles_5.asset
  artifactKey: Guid(1b47c65dbc1c3c74cb9d018119772c10) Importer(815301076,1909f56bfc062723c751e8b465ee728b)
Start importing Assets/Tilemap/Tiles/tiles_5.asset using Guid(1b47c65dbc1c3c74cb9d018119772c10) Importer(815301076,1909f56bfc062723c751e8b465ee728b) (PreviewImporter) -> (artifact id: 'c835929050ba18fbfcb851e2e9155f13') in 0.0092589 seconds
Number of updated asset objects reloaded before import = 0Number of asset objects unloaded after import = 3

========================================================================
Received Import Request.
  Time since last request: 0.000025 seconds.
  path: Assets/Tilemap/Tiles/tiles_26.asset
  artifactKey: Guid(47f93491fb08a97469173be8d76cbaec) Importer(815301076,1909f56bfc062723c751e8b465ee728b)
Start importing Assets/Tilemap/Tiles/tiles_26.asset using Guid(47f93491fb08a97469173be8d76cbaec) Importer(815301076,1909f56bfc062723c751e8b465ee728b) (PreviewImporter) -> (artifact id: 'f29ccd918bde4865734cee2c93c616aa') in 0.0060081 seconds
Number of updated asset objects reloaded before import = 0Number of asset objects unloaded after import = 3

========================================================================
Received Import Request.
  Time since last request: 0.000024 seconds.
  path: Assets/Tilemap/Tiles/tiles_6.asset
  artifactKey: Guid(bf10846a8d8e6074eba52246027f2f8a) Importer(815301076,1909f56bfc062723c751e8b465ee728b)
Start importing Assets/Tilemap/Tiles/tiles_6.asset using Guid(bf10846a8d8e6074eba52246027f2f8a) Importer(815301076,1909f56bfc062723c751e8b465ee728b) (PreviewImporter) -> (artifact id: '03977179852d5d598cacc2f81f88017b') in 0.0040038 seconds
Number of updated asset objects reloaded before import = 0Number of asset objects unloaded after import = 3

========================================================================
Received Import Request.
  Time since last request: 0.000034 seconds.
  path: Assets/Tilemap/Tiles/tiles_24.asset
  artifactKey: Guid(81cd469bb4b0fa64b838c0e96ecbcd28) Importer(815301076,1909f56bfc062723c751e8b465ee728b)
Start importing Assets/Tilemap/Tiles/tiles_24.asset using Guid(81cd469bb4b0fa64b838c0e96ecbcd28) Importer(815301076,1909f56bfc062723c751e8b465ee728b) (PreviewImporter) -> (artifact id: '60d1daf63fb44025c26a9ebd723e3ba1') in 0.005096 seconds
Number of updated asset objects reloaded before import = 0Number of asset objects unloaded after import = 3

========================================================================
Received Import Request.
  Time since last request: 0.000022 seconds.
  path: Assets/Tilemap/Tiles/tiles_8.asset
  artifactKey: Guid(50ea50c680909c44a9eaa1e5e5e6494d) Importer(815301076,1909f56bfc062723c751e8b465ee728b)
Start importing Assets/Tilemap/Tiles/tiles_8.asset using Guid(50ea50c680909c44a9eaa1e5e5e6494d) Importer(815301076,1909f56bfc062723c751e8b465ee728b) (PreviewImporter) -> (artifact id: '77412b2b7e11aec16ac95ca644ae280b') in 0.0051863 seconds
Number of updated asset objects reloaded before import = 0Number of asset objects unloaded after import = 3

========================================================================
Received Import Request.
  Time since last request: 0.000024 seconds.
  path: Assets/Tilemap/Tiles/tiles_16.asset
  artifactKey: Guid(5f6b85027e4d25e4caccb570979fc425) Importer(815301076,1909f56bfc062723c751e8b465ee728b)
Start importing Assets/Tilemap/Tiles/tiles_16.asset using Guid(5f6b85027e4d25e4caccb570979fc425) Importer(815301076,1909f56bfc062723c751e8b465ee728b) (PreviewImporter) -> (artifact id: 'efaf12b9b72e882f5a4c8e82cc12e724') in 0.0060482 seconds
Number of updated asset objects reloaded before import = 0Number of asset objects unloaded after import = 3

========================================================================
Received Import Request.
  Time since last request: 0.000031 seconds.
  path: Assets/Tilemap/Tiles/tiles_11.asset
  artifactKey: Guid(2dbd241b46c396e4599b07f7d653867c) Importer(815301076,1909f56bfc062723c751e8b465ee728b)
Start importing Assets/Tilemap/Tiles/tiles_11.asset using Guid(2dbd241b46c396e4599b07f7d653867c) Importer(815301076,1909f56bfc062723c751e8b465ee728b) (PreviewImporter) -> (artifact id: '9d548daaafa1cb7060ec81608e175280') in 0.0050722 seconds
Number of updated asset objects reloaded before import = 0Number of asset objects unloaded after import = 3

========================================================================
Received Import Request.
  Time since last request: 0.000022 seconds.
  path: Assets/Tilemap/Tiles/tiles_23.asset
  artifactKey: Guid(2bdc40c8b7dfc114fac1fc5d1fee2c3b) Importer(815301076,1909f56bfc062723c751e8b465ee728b)
Start importing Assets/Tilemap/Tiles/tiles_23.asset using Guid(2bdc40c8b7dfc114fac1fc5d1fee2c3b) Importer(815301076,1909f56bfc062723c751e8b465ee728b) (PreviewImporter) -> (artifact id: '4a13c8b74c713bf982c7128278e16948') in 0.0047351 seconds
Number of updated asset objects reloaded before import = 0Number of asset objects unloaded after import = 3

========================================================================
Received Import Request.
  Time since last request: 0.000026 seconds.
  path: Assets/Tilemap/Tiles/tiles_4.asset
  artifactKey: Guid(302f206c3b5d8a04c92fada81a7d1677) Importer(815301076,1909f56bfc062723c751e8b465ee728b)
Start importing Assets/Tilemap/Tiles/tiles_4.asset using Guid(302f206c3b5d8a04c92fada81a7d1677) Importer(815301076,1909f56bfc062723c751e8b465ee728b) (PreviewImporter) -> (artifact id: '451937e0621e72f5b8368411e45f8c3d') in 0.0042771 seconds
Number of updated asset objects reloaded before import = 0Number of asset objects unloaded after import = 3

========================================================================
Received Import Request.
  Time since last request: 0.000023 seconds.
  path: Assets/Tilemap/Tiles/tiles_17.asset
  artifactKey: Guid(2e5bbf0c1d3d13047b91b756ab9bd5a9) Importer(815301076,1909f56bfc062723c751e8b465ee728b)
Start importing Assets/Tilemap/Tiles/tiles_17.asset using Guid(2e5bbf0c1d3d13047b91b756ab9bd5a9) Importer(815301076,1909f56bfc062723c751e8b465ee728b) (PreviewImporter) -> (artifact id: '85f0653fc2f9e487f3a88de003e1e85f') in 0.0042254 seconds
Number of updated asset objects reloaded before import = 0Number of asset objects unloaded after import = 3

========================================================================
Received Import Request.
  Time since last request: 0.000019 seconds.
  path: Assets/Tilemap/Tiles/tiles_25.asset
  artifactKey: Guid(bf514925c3bbac74b9ff480ae69bc128) Importer(815301076,1909f56bfc062723c751e8b465ee728b)
Start importing Assets/Tilemap/Tiles/tiles_25.asset using Guid(bf514925c3bbac74b9ff480ae69bc128) Importer(815301076,1909f56bfc062723c751e8b465ee728b) (PreviewImporter) -> (artifact id: 'de21d591d59fe4b7aff9f9ce288df4c9') in 0.0038996 seconds
Number of updated asset objects reloaded before import = 0Number of asset objects unloaded after import = 3

========================================================================
Received Import Request.
  Time since last request: 0.000021 seconds.
  path: Assets/Tilemap/Tiles/tiles_28.asset
  artifactKey: Guid(06b1432a2acaecb4980bbd5942733074) Importer(815301076,1909f56bfc062723c751e8b465ee728b)
Start importing Assets/Tilemap/Tiles/tiles_28.asset using Guid(06b1432a2acaecb4980bbd5942733074) Importer(815301076,1909f56bfc062723c751e8b465ee728b) (PreviewImporter) -> (artifact id: '5d2c9fe53ca63cb01c956b66c313c5c9') in 0.0037745 seconds
Number of updated asset objects reloaded before import = 0Number of asset objects unloaded after import = 3

========================================================================
Received Import Request.
  Time since last request: 0.000026 seconds.
  path: Assets/Tilemap/Tiles/tiles_12.asset
  artifactKey: Guid(477dad7427554f84a9c32e1a659f5631) Importer(815301076,1909f56bfc062723c751e8b465ee728b)
Start importing Assets/Tilemap/Tiles/tiles_12.asset using Guid(477dad7427554f84a9c32e1a659f5631) Importer(815301076,1909f56bfc062723c751e8b465ee728b) (PreviewImporter) -> (artifact id: '0d63e375f78602fe78eb981bedcec812') in 0.0047295 seconds
Number of updated asset objects reloaded before import = 0Number of asset objects unloaded after import = 3

========================================================================
Received Import Request.
  Time since last request: 0.241954 seconds.
  path: Assets/Tilemap/Tiles/tiles_20.asset
  artifactKey: Guid(2c834f1806d4034408b540c842f94bd1) Importer(2089858483,b0f066a214c2f5e87bad3c948f4d605d)
Start importing Assets/Tilemap/Tiles/tiles_20.asset using Guid(2c834f1806d4034408b540c842f94bd1) Importer(2089858483,b0f066a214c2f5e87bad3c948f4d605d) (ScriptedImporter) -> (artifact id: '78fe6209a2e892e095032cb3b6e9edb3') in 0.0079938 seconds
Number of updated asset objects reloaded before import = 0Number of asset objects unloaded after import = 2

========================================================================
Received Import Request.
  Time since last request: 0.000028 seconds.
  path: Assets/Tilemap/Tiles/tiles_14.asset
  artifactKey: Guid(e28aabb725ef64747ad70b0068d0d244) Importer(2089858483,b0f066a214c2f5e87bad3c948f4d605d)
Start importing Assets/Tilemap/Tiles/tiles_14.asset using Guid(e28aabb725ef64747ad70b0068d0d244) Importer(2089858483,b0f066a214c2f5e87bad3c948f4d605d) (ScriptedImporter) -> (artifact id: '1185b42e27d2543c4e56b356bccab88f') in 0.0052966 seconds
Number of updated asset objects reloaded before import = 0Number of asset objects unloaded after import = 2

========================================================================
Received Import Request.
  Time since last request: 0.000021 seconds.
  path: Assets/Tilemap/Tiles/tiles_5.asset
  artifactKey: Guid(1b47c65dbc1c3c74cb9d018119772c10) Importer(2089858483,b0f066a214c2f5e87bad3c948f4d605d)
Start importing Assets/Tilemap/Tiles/tiles_5.asset using Guid(1b47c65dbc1c3c74cb9d018119772c10) Importer(2089858483,b0f066a214c2f5e87bad3c948f4d605d) (ScriptedImporter) -> (artifact id: '548d71da964e24724e05b67280b099e6') in 0.005235 seconds
Number of updated asset objects reloaded before import = 0Number of asset objects unloaded after import = 2

========================================================================
Received Import Request.
  Time since last request: 0.000021 seconds.
  path: Assets/Tilemap/Tiles/tiles_16.asset
  artifactKey: Guid(5f6b85027e4d25e4caccb570979fc425) Importer(2089858483,b0f066a214c2f5e87bad3c948f4d605d)
Start importing Assets/Tilemap/Tiles/tiles_16.asset using Guid(5f6b85027e4d25e4caccb570979fc425) Importer(2089858483,b0f066a214c2f5e87bad3c948f4d605d) (ScriptedImporter) -> (artifact id: '872eb32c44318ceb53f7cc0c02c2ab1a') in 0.005086 seconds
Number of updated asset objects reloaded before import = 0Number of asset objects unloaded after import = 2

========================================================================
Received Import Request.
  Time since last request: 0.000022 seconds.
  path: Assets/Tilemap/Tiles/tiles_7.asset
  artifactKey: Guid(0761148730b2fd34f89bcb21ac5578e2) Importer(2089858483,b0f066a214c2f5e87bad3c948f4d605d)
Start importing Assets/Tilemap/Tiles/tiles_7.asset using Guid(0761148730b2fd34f89bcb21ac5578e2) Importer(2089858483,b0f066a214c2f5e87bad3c948f4d605d) (ScriptedImporter) -> (artifact id: '9d3e414166f75ed9cd0ad9014fa7c409') in 0.0038548 seconds
Number of updated asset objects reloaded before import = 0Number of asset objects unloaded after import = 2

========================================================================
Received Import Request.
  Time since last request: 0.000025 seconds.
  path: Assets/Tilemap/Tiles/TilePalette.prefab
  artifactKey: Guid(1e09f910cebd70a458a98f4a7559df85) Importer(2089858483,b0f066a214c2f5e87bad3c948f4d605d)
Start importing Assets/Tilemap/Tiles/TilePalette.prefab using Guid(1e09f910cebd70a458a98f4a7559df85) Importer(2089858483,b0f066a214c2f5e87bad3c948f4d605d) (ScriptedImporter) -> (artifact id: '0bf0f6d74548dc87155ed06730c673de') in 0.0082005 seconds
Number of updated asset objects reloaded before import = 0Number of asset objects unloaded after import = 10

========================================================================
Received Import Request.
  Time since last request: 0.000028 seconds.
  path: Assets/Tilemap/Tiles/tiles_1.asset
  artifactKey: Guid(143b7a45971e1db48a6978154744878c) Importer(2089858483,b0f066a214c2f5e87bad3c948f4d605d)
Start importing Assets/Tilemap/Tiles/tiles_1.asset using Guid(143b7a45971e1db48a6978154744878c) Importer(2089858483,b0f066a214c2f5e87bad3c948f4d605d) (ScriptedImporter) -> (artifact id: '9b56a1ffb1226c01c492d166b228c290') in 0.0037787 seconds
Number of updated asset objects reloaded before import = 0Number of asset objects unloaded after import = 2

========================================================================
Received Import Request.
  Time since last request: 0.000020 seconds.
  path: Assets/Tilemap/Tiles/tiles_32.asset
  artifactKey: Guid(9d4d89cc7fc615944a969e21b5aecdb4) Importer(2089858483,b0f066a214c2f5e87bad3c948f4d605d)
Start importing Assets/Tilemap/Tiles/tiles_32.asset using Guid(9d4d89cc7fc615944a969e21b5aecdb4) Importer(2089858483,b0f066a214c2f5e87bad3c948f4d605d) (ScriptedImporter) -> (artifact id: 'ca775c623c59c568ca52b234d2b65d9f') in 0.0046572 seconds
Number of updated asset objects reloaded before import = 0Number of asset objects unloaded after import = 2

========================================================================
Received Import Request.
  Time since last request: 0.000021 seconds.
  path: Assets/Tilemap/Tiles/tiles_10.asset
  artifactKey: Guid(575e8eb73aedc9b40b4496b062a49874) Importer(2089858483,b0f066a214c2f5e87bad3c948f4d605d)
Start importing Assets/Tilemap/Tiles/tiles_10.asset using Guid(575e8eb73aedc9b40b4496b062a49874) Importer(2089858483,b0f066a214c2f5e87bad3c948f4d605d) (ScriptedImporter) -> (artifact id: '4582d90195a815c3f115e56fabe59707') in 0.005017 seconds
Number of updated asset objects reloaded before import = 0Number of asset objects unloaded after import = 2

========================================================================
Received Import Request.
  Time since last request: 0.000023 seconds.
  path: Assets/Tilemap/Tiles/tiles_31.asset
  artifactKey: Guid(a76ab287ba200e046a97caaa2498dd5b) Importer(2089858483,b0f066a214c2f5e87bad3c948f4d605d)
Start importing Assets/Tilemap/Tiles/tiles_31.asset using Guid(a76ab287ba200e046a97caaa2498dd5b) Importer(2089858483,b0f066a214c2f5e87bad3c948f4d605d) (ScriptedImporter) -> (artifact id: 'ac3ef7acabf4e6b0da2dae34389d1b8a') in 0.0035856 seconds
Number of updated asset objects reloaded before import = 0Number of asset objects unloaded after import = 2

========================================================================
Received Import Request.
  Time since last request: 0.000020 seconds.
  path: Assets/Tilemap/Tiles/tiles_15.asset
  artifactKey: Guid(e3c3012049db9d44089ba9e3e615a2b5) Importer(2089858483,b0f066a214c2f5e87bad3c948f4d605d)
Start importing Assets/Tilemap/Tiles/tiles_15.asset using Guid(e3c3012049db9d44089ba9e3e615a2b5) Importer(2089858483,b0f066a214c2f5e87bad3c948f4d605d) (ScriptedImporter) -> (artifact id: '1ab0affab2a7e148fa21031da1f0a7f4') in 0.0036395 seconds
Number of updated asset objects reloaded before import = 0Number of asset objects unloaded after import = 2

========================================================================
Received Import Request.
  Time since last request: 0.000021 seconds.
  path: Assets/Tilemap/Tiles/tiles_29.asset
  artifactKey: Guid(d41c2fb9f6f75fc44b7f712887212b7f) Importer(2089858483,b0f066a214c2f5e87bad3c948f4d605d)
Start importing Assets/Tilemap/Tiles/tiles_29.asset using Guid(d41c2fb9f6f75fc44b7f712887212b7f) Importer(2089858483,b0f066a214c2f5e87bad3c948f4d605d) (ScriptedImporter) -> (artifact id: '91cf4ee6ff0d430ab8ccb6d68baf891f') in 0.004787 seconds
Number of updated asset objects reloaded before import = 0Number of asset objects unloaded after import = 2

========================================================================
Received Import Request.
  Time since last request: 0.000027 seconds.
  path: Assets/Tilemap/Tiles/tiles_19.asset
  artifactKey: Guid(1707e6010c55b13449a1ff5b75ab9fee) Importer(2089858483,b0f066a214c2f5e87bad3c948f4d605d)
Start importing Assets/Tilemap/Tiles/tiles_19.asset using Guid(1707e6010c55b13449a1ff5b75ab9fee) Importer(2089858483,b0f066a214c2f5e87bad3c948f4d605d) (ScriptedImporter) -> (artifact id: 'c7298ac19ed6d5097351e0cd4b8c94b5') in 0.0039947 seconds
Number of updated asset objects reloaded before import = 0Number of asset objects unloaded after import = 2

========================================================================
Received Import Request.
  Time since last request: 0.000038 seconds.
  path: Assets/Tilemap/Tiles/tiles_2.asset
  artifactKey: Guid(589e9d02045828947b056ebe99b3eebd) Importer(2089858483,b0f066a214c2f5e87bad3c948f4d605d)
Start importing Assets/Tilemap/Tiles/tiles_2.asset using Guid(589e9d02045828947b056ebe99b3eebd) Importer(2089858483,b0f066a214c2f5e87bad3c948f4d605d) (ScriptedImporter) -> (artifact id: 'f883e8bbac3aa85dce8b809a39f2edea') in 0.0049755 seconds
Number of updated asset objects reloaded before import = 0Number of asset objects unloaded after import = 2

========================================================================
Received Import Request.
  Time since last request: 0.000022 seconds.
  path: Assets/Tilemap/Tiles/tiles_26.asset
  artifactKey: Guid(47f93491fb08a97469173be8d76cbaec) Importer(2089858483,b0f066a214c2f5e87bad3c948f4d605d)
Start importing Assets/Tilemap/Tiles/tiles_26.asset using Guid(47f93491fb08a97469173be8d76cbaec) Importer(2089858483,b0f066a214c2f5e87bad3c948f4d605d) (ScriptedImporter) -> (artifact id: '1349ee47c85279de5a7739e046e93a6b') in 0.0045423 seconds
Number of updated asset objects reloaded before import = 0Number of asset objects unloaded after import = 2

========================================================================
Received Import Request.
  Time since last request: 0.000020 seconds.
  path: Assets/Tilemap/Tiles/tiles_27.asset
  artifactKey: Guid(91a1be1777954b04e99b7256b9c4dc09) Importer(2089858483,b0f066a214c2f5e87bad3c948f4d605d)
Start importing Assets/Tilemap/Tiles/tiles_27.asset using Guid(91a1be1777954b04e99b7256b9c4dc09) Importer(2089858483,b0f066a214c2f5e87bad3c948f4d605d) (ScriptedImporter) -> (artifact id: '5d9b1a86f90e3653e1ee4899b049486e') in 0.004949 seconds
Number of updated asset objects reloaded before import = 0Number of asset objects unloaded after import = 2

========================================================================
Received Import Request.
  Time since last request: 0.000024 seconds.
  path: Assets/Tilemap/Tiles/tiles_30.asset
  artifactKey: Guid(a6b56aa9df8b6904faf0f51c2963a249) Importer(2089858483,b0f066a214c2f5e87bad3c948f4d605d)
Start importing Assets/Tilemap/Tiles/tiles_30.asset using Guid(a6b56aa9df8b6904faf0f51c2963a249) Importer(2089858483,b0f066a214c2f5e87bad3c948f4d605d) (ScriptedImporter) -> (artifact id: '0187ad916cbf5fcd589e3dc2ff043581') in 0.0044814 seconds
Number of updated asset objects reloaded before import = 0Number of asset objects unloaded after import = 2

========================================================================
Received Import Request.
  Time since last request: 27.756492 seconds.
  path: Assets/Tilemap/Tiles/Neponyal
  artifactKey: Guid(4abf4e2dec8848140950cde9402d9022) Importer(815301076,1909f56bfc062723c751e8b465ee728b)
Start importing Assets/Tilemap/Tiles/Neponyal using Guid(4abf4e2dec8848140950cde9402d9022) Importer(815301076,1909f56bfc062723c751e8b465ee728b) (PreviewImporter) -> (artifact id: '3204f51bce71a85a316e96626ee830a0') in 0.000798 seconds
Number of updated asset objects reloaded before import = 0Number of asset objects unloaded after import = 0

========================================================================
Received Import Request.
  Time since last request: 0.899488 seconds.
  path: Assets/Tilemap/Tiles/Neponyal
  artifactKey: Guid(4abf4e2dec8848140950cde9402d9022) Importer(2089858483,b0f066a214c2f5e87bad3c948f4d605d)
Start importing Assets/Tilemap/Tiles/Neponyal using Guid(4abf4e2dec8848140950cde9402d9022) Importer(2089858483,b0f066a214c2f5e87bad3c948f4d605d) (ScriptedImporter) -> (artifact id: '30a7ec94ec9d395bbd4131f127c3b724') in 0.0046378 seconds
Number of updated asset objects reloaded before import = 0Number of asset objects unloaded after import = 1

========================================================================
Received Import Request.
  Time since last request: 3.727197 seconds.
  path: Assets/Tilemap/Tiles/Neponyal/tiles_15.asset
  artifactKey: Guid(e3c3012049db9d44089ba9e3e615a2b5) Importer(2089858483,b0f066a214c2f5e87bad3c948f4d605d)
Start importing Assets/Tilemap/Tiles/Neponyal/tiles_15.asset using Guid(e3c3012049db9d44089ba9e3e615a2b5) Importer(2089858483,b0f066a214c2f5e87bad3c948f4d605d) (ScriptedImporter) -> (artifact id: 'cd15a00ac04033aeacd38a7fa0f14289') in 0.0050925 seconds
Number of updated asset objects reloaded before import = 0Number of asset objects unloaded after import = 2

========================================================================
Received Import Request.
  Time since last request: 0.000022 seconds.
  path: Assets/Tilemap/Tiles/Neponyal/tiles_14.asset
  artifactKey: Guid(e28aabb725ef64747ad70b0068d0d244) Importer(2089858483,b0f066a214c2f5e87bad3c948f4d605d)
Start importing Assets/Tilemap/Tiles/Neponyal/tiles_14.asset using Guid(e28aabb725ef64747ad70b0068d0d244) Importer(2089858483,b0f066a214c2f5e87bad3c948f4d605d) (ScriptedImporter) -> (artifact id: 'd8e3d12d22bcd3db6d054ded52321759') in 0.0042598 seconds
Number of updated asset objects reloaded before import = 0Number of asset objects unloaded after import = 2

========================================================================
Received Import Request.
  Time since last request: 0.000033 seconds.
  path: Assets/Tilemap/Tiles/Neponyal/tiles_20.asset
  artifactKey: Guid(2c834f1806d4034408b540c842f94bd1) Importer(2089858483,b0f066a214c2f5e87bad3c948f4d605d)
Start importing Assets/Tilemap/Tiles/Neponyal/tiles_20.asset using Guid(2c834f1806d4034408b540c842f94bd1) Importer(2089858483,b0f066a214c2f5e87bad3c948f4d605d) (ScriptedImporter) -> (artifact id: '88a71ed3228696c36e62cf59bc5026c9') in 0.0067033 seconds
Number of updated asset objects reloaded before import = 0Number of asset objects unloaded after import = 2

========================================================================
Received Import Request.
  Time since last request: 0.000018 seconds.
  path: Assets/Tilemap/Tiles/Neponyal/tiles_5.asset
  artifactKey: Guid(1b47c65dbc1c3c74cb9d018119772c10) Importer(2089858483,b0f066a214c2f5e87bad3c948f4d605d)
Start importing Assets/Tilemap/Tiles/Neponyal/tiles_5.asset using Guid(1b47c65dbc1c3c74cb9d018119772c10) Importer(2089858483,b0f066a214c2f5e87bad3c948f4d605d) (ScriptedImporter) -> (artifact id: '4f3bdecc669ac0958d4a34628215150f') in 0.0039565 seconds
Number of updated asset objects reloaded before import = 0Number of asset objects unloaded after import = 2

========================================================================
Received Import Request.
  Time since last request: 0.000020 seconds.
  path: Assets/Tilemap/Tiles/Neponyal/tiles_22.asset
  artifactKey: Guid(d51121862c73ebb43b322c177628b317) Importer(2089858483,b0f066a214c2f5e87bad3c948f4d605d)
Start importing Assets/Tilemap/Tiles/Neponyal/tiles_22.asset using Guid(d51121862c73ebb43b322c177628b317) Importer(2089858483,b0f066a214c2f5e87bad3c948f4d605d) (ScriptedImporter) -> (artifact id: '1a416e5c7a97cc94f9100b639bfa843d') in 0.0034314 seconds
Number of updated asset objects reloaded before import = 0Number of asset objects unloaded after import = 2

========================================================================
Received Import Request.
  Time since last request: 0.000018 seconds.
  path: Assets/Tilemap/Tiles/Neponyal/tiles_23.asset
  artifactKey: Guid(2bdc40c8b7dfc114fac1fc5d1fee2c3b) Importer(2089858483,b0f066a214c2f5e87bad3c948f4d605d)
Start importing Assets/Tilemap/Tiles/Neponyal/tiles_23.asset using Guid(2bdc40c8b7dfc114fac1fc5d1fee2c3b) Importer(2089858483,b0f066a214c2f5e87bad3c948f4d605d) (ScriptedImporter) -> (artifact id: '5e81ceadc06a884d99cba90c7562a0ac') in 0.0036439 seconds
Number of updated asset objects reloaded before import = 0Number of asset objects unloaded after import = 2

========================================================================
Received Import Request.
  Time since last request: 0.000016 seconds.
  path: Assets/Tilemap/Tiles/Neponyal/tiles_32.asset
  artifactKey: Guid(9d4d89cc7fc615944a969e21b5aecdb4) Importer(2089858483,b0f066a214c2f5e87bad3c948f4d605d)
Start importing Assets/Tilemap/Tiles/Neponyal/tiles_32.asset using Guid(9d4d89cc7fc615944a969e21b5aecdb4) Importer(2089858483,b0f066a214c2f5e87bad3c948f4d605d) (ScriptedImporter) -> (artifact id: 'fcf2e376a37d6064c4a9d91a5f08a316') in 0.0033467 seconds
Number of updated asset objects reloaded before import = 0Number of asset objects unloaded after import = 2

========================================================================
Received Import Request.
  Time since last request: 0.000016 seconds.
  path: Assets/Tilemap/Tiles/Neponyal/tiles_8.asset
  artifactKey: Guid(50ea50c680909c44a9eaa1e5e5e6494d) Importer(2089858483,b0f066a214c2f5e87bad3c948f4d605d)
Start importing Assets/Tilemap/Tiles/Neponyal/tiles_8.asset using Guid(50ea50c680909c44a9eaa1e5e5e6494d) Importer(2089858483,b0f066a214c2f5e87bad3c948f4d605d) (ScriptedImporter) -> (artifact id: '801a5b8da9864830b97630e7c1d46b64') in 0.005661 seconds
Number of updated asset objects reloaded before import = 0Number of asset objects unloaded after import = 2

========================================================================
Received Import Request.
  Time since last request: 0.000016 seconds.
  path: Assets/Tilemap/Tiles/Neponyal/tiles_9.asset
  artifactKey: Guid(dc6fb5ad3cf01d74882bd0d26e411468) Importer(2089858483,b0f066a214c2f5e87bad3c948f4d605d)
Start importing Assets/Tilemap/Tiles/Neponyal/tiles_9.asset using Guid(dc6fb5ad3cf01d74882bd0d26e411468) Importer(2089858483,b0f066a214c2f5e87bad3c948f4d605d) (ScriptedImporter) -> (artifact id: '30bd7b9d2b5c395521ef8f587996fc4d') in 0.0041476 seconds
Number of updated asset objects reloaded before import = 0Number of asset objects unloaded after import = 2

========================================================================
Received Import Request.
  Time since last request: 0.000017 seconds.
  path: Assets/Tilemap/Tiles/Neponyal/tiles_3.asset
  artifactKey: Guid(da944ea6a6bafcc4099750976c094dfd) Importer(2089858483,b0f066a214c2f5e87bad3c948f4d605d)
Start importing Assets/Tilemap/Tiles/Neponyal/tiles_3.asset using Guid(da944ea6a6bafcc4099750976c094dfd) Importer(2089858483,b0f066a214c2f5e87bad3c948f4d605d) (ScriptedImporter) -> (artifact id: 'cd677930c915c866ce293b75af4e800a') in 0.0044201 seconds
Number of updated asset objects reloaded before import = 0Number of asset objects unloaded after import = 2

========================================================================
Received Import Request.
  Time since last request: 0.000038 seconds.
  path: Assets/Tilemap/Tiles/Neponyal/tiles_28.asset
  artifactKey: Guid(06b1432a2acaecb4980bbd5942733074) Importer(2089858483,b0f066a214c2f5e87bad3c948f4d605d)
Start importing Assets/Tilemap/Tiles/Neponyal/tiles_28.asset using Guid(06b1432a2acaecb4980bbd5942733074) Importer(2089858483,b0f066a214c2f5e87bad3c948f4d605d) (ScriptedImporter) -> (artifact id: '32a18db97dbd153cc0269e2204e2871a') in 0.0040139 seconds
Number of updated asset objects reloaded before import = 0Number of asset objects unloaded after import = 2

========================================================================
Received Import Request.
  Time since last request: 0.000019 seconds.
  path: Assets/Tilemap/Tiles/Neponyal/tiles_21.asset
  artifactKey: Guid(67b56ae2a87ed1149b1592121caf3892) Importer(2089858483,b0f066a214c2f5e87bad3c948f4d605d)
Start importing Assets/Tilemap/Tiles/Neponyal/tiles_21.asset using Guid(67b56ae2a87ed1149b1592121caf3892) Importer(2089858483,b0f066a214c2f5e87bad3c948f4d605d) (ScriptedImporter) -> (artifact id: '50cf3ff63041ef5714b48d9ad4fda2ea') in 0.0043921 seconds
Number of updated asset objects reloaded before import = 0Number of asset objects unloaded after import = 2

========================================================================
Received Import Request.
  Time since last request: 10.790580 seconds.
  path: Assets/Tilemap/Tiles/TilePalette.prefab
  artifactKey: Guid(1e09f910cebd70a458a98f4a7559df85) Importer(2089858483,b0f066a214c2f5e87bad3c948f4d605d)
Start importing Assets/Tilemap/Tiles/TilePalette.prefab using Guid(1e09f910cebd70a458a98f4a7559df85) Importer(2089858483,b0f066a214c2f5e87bad3c948f4d605d) (ScriptedImporter) -> (artifact id: 'bf0462eccfd0f9740f6bd89477024e90') in 0.008205 seconds
Number of updated asset objects reloaded before import = 0Number of asset objects unloaded after import = 10

========================================================================
Received Import Request.
  Time since last request: 60.955839 seconds.
  path: Assets/Tilemap/Tiles/TilePalette.prefab
  artifactKey: Guid(1e09f910cebd70a458a98f4a7559df85) Importer(815301076,1909f56bfc062723c751e8b465ee728b)
Start importing Assets/Tilemap/Tiles/TilePalette.prefab using Guid(1e09f910cebd70a458a98f4a7559df85) Importer(815301076,1909f56bfc062723c751e8b465ee728b) (PreviewImporter) -> (artifact id: 'c612b14e0978f483d9a26ef10e49aaed') in 0.0184332 seconds
Number of updated asset objects reloaded before import = 0Number of asset objects unloaded after import = 78

========================================================================
Received Import Request.
  Time since last request: 957.746220 seconds.
  path: Assets/Background
  artifactKey: Guid(2733115333e49934880dc2b720fc3360) Importer(815301076,1909f56bfc062723c751e8b465ee728b)
Start importing Assets/Background using Guid(2733115333e49934880dc2b720fc3360) Importer(815301076,1909f56bfc062723c751e8b465ee728b) (PreviewImporter) -> (artifact id: '71ec139af617809faad81e721b175b8e') in 0.0028548 seconds
Number of updated asset objects reloaded before import = 0Number of asset objects unloaded after import = 0

========================================================================
Received Import Request.
  Time since last request: 0.902822 seconds.
  path: Assets/Background
  artifactKey: Guid(2733115333e49934880dc2b720fc3360) Importer(2089858483,b0f066a214c2f5e87bad3c948f4d605d)
Start importing Assets/Background using Guid(2733115333e49934880dc2b720fc3360) Importer(2089858483,b0f066a214c2f5e87bad3c948f4d605d) (ScriptedImporter) -> (artifact id: 'a13da48fd36d8fe7d5564a45cdd89d9b') in 0.0029135 seconds
Number of updated asset objects reloaded before import = 0Number of asset objects unloaded after import = 1

========================================================================
Received Import Request.
  Time since last request: 5.372398 seconds.
  path: Assets/Background.png
  artifactKey: Guid(aba8e39f7ed2a0b4987ef12c874c1005) Importer(815301076,1909f56bfc062723c751e8b465ee728b)
Start importing Assets/Background.png using Guid(aba8e39f7ed2a0b4987ef12c874c1005) Importer(815301076,1909f56bfc062723c751e8b465ee728b) (PreviewImporter) -> (artifact id: '4f9f4585b95206036a0e800c626603d5') in 0.0153172 seconds
Number of updated asset objects reloaded before import = 0Number of asset objects unloaded after import = 3

========================================================================
Received Import Request.
  Time since last request: 0.920994 seconds.
  path: Assets/Background.png
  artifactKey: Guid(aba8e39f7ed2a0b4987ef12c874c1005) Importer(2089858483,b0f066a214c2f5e87bad3c948f4d605d)
Start importing Assets/Background.png using Guid(aba8e39f7ed2a0b4987ef12c874c1005) Importer(2089858483,b0f066a214c2f5e87bad3c948f4d605d) (ScriptedImporter) -> (artifact id: '4a13a5613984cb6636aadf3746f03625') in 0.0074342 seconds
Number of updated asset objects reloaded before import = 0Number of asset objects unloaded after import = 3

========================================================================
Received Import Request.
  Time since last request: 2.953580 seconds.
  path: Assets/Background/Background.png
  artifactKey: Guid(aba8e39f7ed2a0b4987ef12c874c1005) Importer(2089858483,b0f066a214c2f5e87bad3c948f4d605d)
Start importing Assets/Background/Background.png using Guid(aba8e39f7ed2a0b4987ef12c874c1005) Importer(2089858483,b0f066a214c2f5e87bad3c948f4d605d) (ScriptedImporter) -> (artifact id: '6d1fc4304884c12fd8e1c945c82e1418') in 0.0067891 seconds
Number of updated asset objects reloaded before import = 0Number of asset objects unloaded after import = 3

========================================================================
Received Import Request.
  Time since last request: 5.274615 seconds.
  path: Assets/Background/Background.png
  artifactKey: Guid(aba8e39f7ed2a0b4987ef12c874c1005) Importer(815301076,1909f56bfc062723c751e8b465ee728b)
Start importing Assets/Background/Background.png using Guid(aba8e39f7ed2a0b4987ef12c874c1005) Importer(815301076,1909f56bfc062723c751e8b465ee728b) (PreviewImporter) -> (artifact id: '8285fe5ca4a665e52a99c9ca719073cd') in 0.0233888 seconds
Number of updated asset objects reloaded before import = 0Number of asset objects unloaded after import = 12

========================================================================
Received Import Request.
  Time since last request: 0.906588 seconds.
  path: Assets/Background/Background.png
  artifactKey: Guid(aba8e39f7ed2a0b4987ef12c874c1005) Importer(2089858483,b0f066a214c2f5e87bad3c948f4d605d)
Start importing Assets/Background/Background.png using Guid(aba8e39f7ed2a0b4987ef12c874c1005) Importer(2089858483,b0f066a214c2f5e87bad3c948f4d605d) (ScriptedImporter) -> (artifact id: '9d16882e158481d6fa92cb551c135c52') in 0.0140556 seconds
Number of updated asset objects reloaded before import = 0Number of asset objects unloaded after import = 12

========================================================================
Received Import Request.
  Time since last request: 5.433802 seconds.
  path: Assets/Background/Background.png
  artifactKey: Guid(aba8e39f7ed2a0b4987ef12c874c1005) Importer(815301076,1909f56bfc062723c751e8b465ee728b)
Start importing Assets/Background/Background.png using Guid(aba8e39f7ed2a0b4987ef12c874c1005) Importer(815301076,1909f56bfc062723c751e8b465ee728b) (PreviewImporter) -> (artifact id: 'e97de5bdd70bd32b58cfe521de5a6f26') in 0.0119908 seconds
Number of updated asset objects reloaded before import = 0Number of asset objects unloaded after import = 3

========================================================================
Received Import Request.
  Time since last request: 0.926391 seconds.
  path: Assets/Background/Background.png
  artifactKey: Guid(aba8e39f7ed2a0b4987ef12c874c1005) Importer(2089858483,b0f066a214c2f5e87bad3c948f4d605d)
Start importing Assets/Background/Background.png using Guid(aba8e39f7ed2a0b4987ef12c874c1005) Importer(2089858483,b0f066a214c2f5e87bad3c948f4d605d) (ScriptedImporter) -> (artifact id: '24177c82711635cc36022dfbdb549e45') in 0.0065497 seconds
Number of updated asset objects reloaded before import = 0Number of asset objects unloaded after import = 3

========================================================================
Received Import Request.
  Time since last request: 81.643736 seconds.
  path: Assets/Background/Clouds.png
  artifactKey: Guid(287c3d6229cc0bc428ca786611127673) Importer(815301076,1909f56bfc062723c751e8b465ee728b)
Start importing Assets/Background/Clouds.png using Guid(287c3d6229cc0bc428ca786611127673) Importer(815301076,1909f56bfc062723c751e8b465ee728b) (PreviewImporter) -> (artifact id: '775a91c2955010afaa03ea5224bdbd9c') in 0.0118708 seconds
Number of updated asset objects reloaded before import = 0Number of asset objects unloaded after import = 3

========================================================================
Received Import Request.
  Time since last request: 0.043393 seconds.
  path: Assets/Background/Forest01.png
  artifactKey: Guid(100ca96fee4d9434d9e20ad5ba80d233) Importer(815301076,1909f56bfc062723c751e8b465ee728b)
Start importing Assets/Background/Forest01.png using Guid(100ca96fee4d9434d9e20ad5ba80d233) Importer(815301076,1909f56bfc062723c751e8b465ee728b) (PreviewImporter) -> (artifact id: '8c7c323680cb73e012047a8562cf7a89') in 0.0127084 seconds
Number of updated asset objects reloaded before import = 0Number of asset objects unloaded after import = 3

========================================================================
Received Import Request.
  Time since last request: 0.000031 seconds.
  path: Assets/Background/Forest05.png
  artifactKey: Guid(9c882343c0864c045b46be1d95fa8706) Importer(815301076,1909f56bfc062723c751e8b465ee728b)
Start importing Assets/Background/Forest05.png using Guid(9c882343c0864c045b46be1d95fa8706) Importer(815301076,1909f56bfc062723c751e8b465ee728b) (PreviewImporter) -> (artifact id: '3927753ce93f5538e43d86d89cf2d08c') in 0.012337 seconds
Number of updated asset objects reloaded before import = 0Number of asset objects unloaded after import = 3

========================================================================
Received Import Request.
  Time since last request: 0.000032 seconds.
  path: Assets/Background/Forest03.png
  artifactKey: Guid(8efecccdb28c5c04488541ad4e04f50c) Importer(815301076,1909f56bfc062723c751e8b465ee728b)
Start importing Assets/Background/Forest03.png using Guid(8efecccdb28c5c04488541ad4e04f50c) Importer(815301076,1909f56bfc062723c751e8b465ee728b) (PreviewImporter) -> (artifact id: 'b25fc4bd83d57f2c7785ed7c7d97f2a1') in 0.0114829 seconds
Number of updated asset objects reloaded before import = 0Number of asset objects unloaded after import = 3

========================================================================
Received Import Request.
  Time since last request: 0.742570 seconds.
  path: Assets/Background/Forest04.png
  artifactKey: Guid(ffe8094d793186b44a7540735a2c14a6) Importer(2089858483,b0f066a214c2f5e87bad3c948f4d605d)
Start importing Assets/Background/Forest04.png using Guid(ffe8094d793186b44a7540735a2c14a6) Importer(2089858483,b0f066a214c2f5e87bad3c948f4d605d) (ScriptedImporter) -> (artifact id: '9999bf2b2e656137612f8b492322da02') in 0.0087535 seconds
Number of updated asset objects reloaded before import = 0Number of asset objects unloaded after import = 3

========================================================================
Received Import Request.
  Time since last request: 0.000027 seconds.
  path: Assets/Background/Forest02.png
  artifactKey: Guid(e69a90075e34fb044b7f5f060cf52f7a) Importer(2089858483,b0f066a214c2f5e87bad3c948f4d605d)
Start importing Assets/Background/Forest02.png using Guid(e69a90075e34fb044b7f5f060cf52f7a) Importer(2089858483,b0f066a214c2f5e87bad3c948f4d605d) (ScriptedImporter) -> (artifact id: 'db879058cc7b9630195f994b6da8895a') in 0.0089901 seconds
Number of updated asset objects reloaded before import = 0Number of asset objects unloaded after import = 3

========================================================================
Received Import Request.
  Time since last request: 0.000044 seconds.
  path: Assets/Background/Clouds.png
  artifactKey: Guid(287c3d6229cc0bc428ca786611127673) Importer(2089858483,b0f066a214c2f5e87bad3c948f4d605d)
Start importing Assets/Background/Clouds.png using Guid(287c3d6229cc0bc428ca786611127673) Importer(2089858483,b0f066a214c2f5e87bad3c948f4d605d) (ScriptedImporter) -> (artifact id: '5615b9fef7d38c11de86ede6a79b09a7') in 0.008561 seconds
Number of updated asset objects reloaded before import = 0Number of asset objects unloaded after import = 3

Editor requested this worker to shutdown with reason: Scaling down because of idle timeout
AssetImportWorker is now disconnected from the server
Process exiting
Exiting without the bug reporter. Application will terminate with return code 0